TESTING COVARIANCE TYPE: full
	num_components_list = [5, 105, 205, 305, 405, 505, 605, 705, 805, 905, 1005]

	accuracy_list = [100.0, 66.18571428571428, 29.308571428571433, 12.95142857142857, 6.982857142857144, 38.95, 43.34142857142857, 90.18, 86.91142857142857, 94.42571428571429, 94.09714285714284]

	num_iterations_list = [2.0, 10.8, 10.1, 8.1, 7.5, 2.8, 2.2, 2.0, 2.0, 2.0, 2.0]

	elapsed_time_list = [0.02017195224761963, 1.0549080848693848, 2.09797842502594, 2.5464659690856934, 3.1946439266204836, 2.081973600387573, 2.4707257747650146, 309.22081835269927, 2.922486090660095, 4.385358810424805, 4.6568972826004025]

	lower_bound_list = [-23.86410029390901, -23.829628872889042, -22.646826934472347, -13.999685661412531, -4.0442322494908485, 8.679780845336888, 13.463807625634335, 18.236685515034665, 20.828631024809752, 22.806657929671967, 24.84221215703883]

TESTING COVARIANCE TYPE: diag
	num_components_list = [5, 105, 205, 305, 405, 505, 605, 705, 805, 905, 1005]

	accuracy_list = [100.0, 98.74714285714285, 93.95, 88.96714285714287, 83.2142857142857, 76.15571428571428, 69.8742857142857, 63.87142857142858, 57.578571428571436, 52.875714285714274, 46.82142857142857]

	num_iterations_list = [2.0, 3.2, 4.5, 5.3, 7.2, 8.4, 8.5, 10.5, 12.5, 14.4, 18.0]

	elapsed_time_list = [0.011638379096984864, 0.11721174716949463, 0.24789800643920898, 0.4312140703201294, 0.6997326135635376, 1.0137025594711304, 1.3426732540130615, 1.84358389377594, 2.3650462150573732, 3.2377625942230224, 4.067140603065491]

	lower_bound_list = [-24.02960530154513, -25.956197071876595, -27.555186176143973, -27.744136740194637, -27.574347134477204, -28.228635274937695, -28.527657714302553, -28.478471724602706, -28.843571928635527, -29.323112521732583, -29.51999822315218]

TESTING COVARIANCE TYPE: spherical
	num_components_list = [5, 105, 205, 305, 405, 505, 605, 705, 805, 905, 1005]

	accuracy_list = [100.0, 98.89857142857142, 95.47857142857143, 91.72142857142856, 86.96857142857142, 82.10714285714286, 78.44000000000001, 74.18, 70.00571428571429, 65.38857142857142, 59.752857142857145]

	num_iterations_list = [2.0, 2.0, 2.4, 3.1, 6.3, 6.5, 7.3, 7.9, 9.4, 10.4, 12.5]

	elapsed_time_list = [0.009734296798706054, 0.10515789985656739, 0.22201120853424072, 0.3755408763885498, 0.744385814666748, 0.9479222774505616, 1.2016762733459472, 1.4953844547271729, 1.9611354112625121, 2.530861186981201, 4.249016118049622]

	lower_bound_list = [-27.381114301025963, -30.420604479280076, -31.638920233163322, -32.75213713471175, -32.837479472314975, -34.09695010113742, -33.88580203895842, -34.623200533585745, -34.9203470348783, -35.47719550097179, -36.304924446420856]

TESTING COVARIANCE TYPE: tied
	num_components_list = [5, 105, 205, 305, 405, 505, 605, 705, 805, 905, 1005]

	accuracy_list = [100.0, 99.89999999999999, 99.76428571428572, 99.46571428571427, 98.78285714285714, 98.43285714285716, 97.73714285714286, 96.8, 96.03857142857143, 94.81714285714284, 94.15285714285713]

	num_iterations_list = [2.0, 2.0, 2.0, 2.0, 2.0, 2.0, 2.0, 2.0, 2.0, 2.0, 2.0]

	elapsed_time_list = [0.015398073196411132, 0.23292255401611328, 0.4489434242248535, 0.6756426095962524, 0.912859582901001, 1.14919171333313, 1.392585849761963, 1.6195513010025024, 1.905004906654358, 2.233646297454834, 2.375699210166931]

	lower_bound_list = [-26.828217762480364, -29.906334718654428, -30.278173081458323, -30.377727232555088, -30.29322175319779, -30.219049529722383, -30.073111885215468, -29.929681953056747, -29.787575827816234, -29.60336962594649, -29.417710728077065]

