TESTING COVARIANCE TYPE: full
	dimensions_list = [2, 6, 10, 14, 18, 22, 26, 30, 34, 38, 42, 46, 50]

	accuracy_list = [74.34714285714287, 92.87142857142858, 84.21857142857144, 77.31285714285714, 68.10857142857142, 67.96428571428572, 61.43142857142857, 55.14571428571429, 54.04428571428571, 49.910000000000004, 50.85857142857143, 48.60857142857144, 53.83428571428571]

	num_iterations_list = [17.9, 10.7, 16.0, 12.3, 9.1, 9.5, 8.9, 8.7, 7.3, 8.3, 6.4, 5.0, 5.2]

	elapsed_time_list = [0.7606966733932495, 0.7775771856307984, 1.2440264701843262, 1.090372920036316, 1.0052454710006713, 1.2464423894882202, 1.2500648498535156, 223.2355162858963, 1.6700069665908814, 1.846643042564392, 1.6248027086257935, 1.5516926765441894, 1.668262004852295]

	lower_bound_list = [-6.019565967547866, -10.538754738446057, -14.724104213363244, -18.595485145150935, -22.574979222635907, -24.84157519450239, -27.3366859773993, -28.322726321227407, -27.286567929411024, -26.6263683102662, -23.10578940133942, -18.34588413776033, -15.144205077282194]

TESTING COVARIANCE TYPE: diag
	dimensions_list = [2, 6, 10, 14, 18, 22, 26, 30, 34, 38, 42, 46, 50]

	accuracy_list = [76.24428571428572, 99.24285714285715, 99.21571428571428, 99.0942857142857, 98.92142857142856, 98.55571428571429, 97.5942857142857, 99.00714285714287, 98.06142857142856, 99.32285714285715, 98.7342857142857, 99.11571428571429, 99.17857142857143]

	num_iterations_list = [14.9, 4.9, 3.9, 3.3, 3.4, 3.4, 3.2, 3.1, 2.9, 3.0, 2.9, 2.8, 2.9]

	elapsed_time_list = [0.2660287618637085, 0.16980514526367188, 0.12749669551849366, 0.10954117774963379, 0.11731419563293458, 0.116949462890625, 0.11614534854888917, 0.11698777675628662, 0.12090117931365967, 0.1230090618133545, 0.12874796390533447, 0.1317657232284546, 0.12698440551757811]

	lower_bound_list = [-6.043463459705668, -10.64277000615262, -15.025375601391369, -19.373089204120504, -23.89389791642896, -27.974397834331608, -33.46873523940957, -36.79956493126015, -41.88076779919292, -45.21803575001912, -49.87987637751485, -54.61944396215665, -58.21451679940068]

TESTING COVARIANCE TYPE: spherical
	dimensions_list = [2, 6, 10, 14, 18, 22, 26, 30, 34, 38, 42, 46, 50]

	accuracy_list = [72.76857142857143, 98.84, 98.79714285714286, 99.23285714285713, 98.78285714285714, 98.29857142857142, 99.27142857142857, 98.73285714285714, 98.69714285714286, 99.27571428571432, 98.66, 99.07714285714286, 99.37000000000002]

	num_iterations_list = [14.9, 4.1, 2.3, 2.2, 2.1, 2.2, 2.0, 2.1, 2.1, 2.0, 2.0, 2.0, 2.0]

	elapsed_time_list = [0.27182841300964355, 0.16634747982025147, 0.1340641736984253, 0.12172472476959229, 0.10235130786895752, 0.1009711503982544, 0.10499250888824463, 0.10320816040039063, 0.10878586769104004, 0.11025822162628174, 0.17363085746765136, 0.15621507167816162, 0.1329028606414795]

	lower_bound_list = [-6.180781012595469, -11.822810422366164, -17.223672718778598, -22.179658478407553, -27.91847289452333, -33.20651524526092, -38.061569785277925, -43.284734892483286, -48.86898388542574, -53.86588401479803, -59.858634999749555, -64.3762185736704, -69.0791075198998]

TESTING COVARIANCE TYPE: tied
	dimensions_list = [2, 6, 10, 14, 18, 22, 26, 30, 34, 38, 42, 46, 50]

	accuracy_list = [72.72999999999999, 99.86285714285715, 99.94, 99.91428571428571, 99.92571428571429, 99.88571428571427, 99.90571428571428, 99.96714285714286, 99.95285714285714, 99.97999999999999, 99.94000000000001, 99.93428571428572, 99.98142857142857]

	num_iterations_list = [9.1, 2.6, 2.0, 2.0, 2.0, 2.0, 2.0, 2.0, 2.0, 2.0, 2.0, 2.0, 2.0]

	elapsed_time_list = [0.2823267936706543, 0.19809775352478026, 0.19183847904205323, 0.200036358833313, 0.2156358242034912, 0.23330962657928467, 0.2130650758743286, 0.23079938888549806, 0.2554206132888794, 0.2720633983612061, 0.2967331647872925, 0.33202877044677737, 0.3417129278182983]

	lower_bound_list = [-6.289915552195689, -11.927128146137633, -17.11231882281044, -22.22623728250054, -27.377914299094368, -32.42442134797905, -37.74595041221748, -42.71757493779252, -47.90455570139904, -53.06100000998866, -58.20144318151476, -63.236158824858116, -68.33935957533141]

