TESTING SAMPLE SIZE	dimensions = 5
	num_components = 100
	num_samples = (500,10000)
	dt = 500

TESTING COVARIANCE TYPE: full
	num_samples_list = [500, 1000, 1500, 2000, 2500, 3000, 3500, 4000, 4500, 5000, 5500, 6000, 6500, 7000, 7500, 8000, 8500, 9000, 9500, 10000]

	accuracy_list = [48.885714285714286, 15.928571428571427, 28.771428571428572, 41.73571428571429, 52.325714285714284, 59.314285714285724, 66.56326530612245, 72.70357142857144, 77.94920634920635, 79.73428571428572, 82.03896103896105, 84.9952380952381, 86.08791208791209, 89.10816326530613, 89.37714285714284, 88.4125, 91.96470588235293, 92.10634920634921, 93.00300751879699, 95.19857142857144]

	num_iterations_list = [2.0, 8.8, 9.8, 11.6, 10.7, 11.5, 11.4, 11.0, 12.1, 12.5, 12.0, 12.1, 12.6, 11.9, 13.7, 12.8, 11.6, 13.9, 12.1, 10.4]

	elapsed_time_list = [0.06225552558898926, 0.14553298950195312, 0.17363190650939941, 0.26195900440216063, 0.24286980628967286, 0.366530442237854, 0.4633170127868652, 0.4221944808959961, 0.5091909170150757, 0.4282522201538086, 0.5017991304397583, 0.5030695915222168, 0.5793512105941773, 0.7155544757843018, 0.743126106262207, 0.832262110710144, 0.7871314764022828, 0.9032739162445068, 0.8339395761489868, 0.7718240737915039]

	lower_bound_list = [0.9687494879598935, -7.3549882160630045, -9.377149724230303, -9.401283517138719, -9.521229789205815, -9.47872850995301, -9.439847407393053, -9.32631733824379, -9.397418311604818, -9.37940087522065, -9.424042745457534, -9.399653942555222, -9.497415712363955, -9.413445686667888, -9.428428316330393, -9.477898884077252, -9.431732310738905, -9.458821605628657, -9.456167464188724, -9.476829666539649]

TESTING COVARIANCE TYPE: diag
	num_samples_list = [500, 1000, 1500, 2000, 2500, 3000, 3500, 4000, 4500, 5000, 5500, 6000, 6500, 7000, 7500, 8000, 8500, 9000, 9500, 10000]

	accuracy_list = [27.8, 50.92857142857142, 68.7904761904762, 77.49285714285716, 86.58857142857143, 89.04285714285714, 91.72244897959183, 91.60714285714285, 94.32698412698413, 95.23999999999998, 96.45194805194805, 95.76428571428573, 97.95604395604396, 98.18163265306121, 98.43809523809523, 98.47142857142858, 98.14621848739496, 98.70952380952382, 98.91278195488722, 99.37285714285716]

	num_iterations_list = [7.3, 9.3, 8.4, 7.8, 9.1, 7.1, 8.1, 6.6, 7.6, 7.0, 8.2, 7.0, 7.0, 8.0, 7.4, 6.9, 7.0, 8.5, 6.8, 6.9]

	elapsed_time_list = [0.02401273250579834, 0.0326462984085083, 0.04212770462036133, 0.053464102745056155, 0.05860793590545654, 0.05896658897399902, 0.07696397304534912, 0.08564929962158203, 0.0934602975845337, 0.10477256774902344, 0.11539058685302735, 0.11003201007843018, 0.11991057395935059, 0.13928415775299072, 0.14713075160980224, 0.1521357536315918, 0.1630035161972046, 0.20004918575286865, 0.1834646463394165, 0.20516483783721923]

	lower_bound_list = [-6.608201438791359, -8.912278092122623, -9.321772038592384, -9.475474797533504, -9.353479095296787, -9.405034178001952, -9.355407431644457, -9.465887080820858, -9.46793061787029, -9.511848793888452, -9.504623654044915, -9.516583279426605, -9.493346521435885, -9.516150493600442, -9.54677513580983, -9.511966122579489, -9.596245262151765, -9.556657108341744, -9.57653041012642, -9.564141660978056]

TESTING COVARIANCE TYPE: spherical
	num_samples_list = [500, 1000, 1500, 2000, 2500, 3000, 3500, 4000, 4500, 5000, 5500, 6000, 6500, 7000, 7500, 8000, 8500, 9000, 9500, 10000]

	accuracy_list = [26.17142857142857, 61.885714285714286, 74.23809523809526, 84.24285714285715, 87.10857142857144, 90.3, 93.54693877551021, 94.17142857142856, 96.26031746031745, 96.81428571428572, 97.54025974025974, 98.41428571428573, 98.4087912087912, 98.23673469387754, 98.66285714285713, 98.93392857142858, 99.14789915966387, 99.18095238095239, 99.1218045112782, 98.39571428571429]

	num_iterations_list = [10.9, 8.0, 7.7, 6.8, 5.5, 6.2, 4.9, 5.9, 5.1, 4.8, 5.1, 4.2, 3.9, 4.4, 4.5, 5.0, 4.0, 4.6, 3.9, 4.5]

	elapsed_time_list = [0.026564788818359376, 0.03217339515686035, 0.04074373245239258, 0.05160632133483887, 0.05091977119445801, 0.06201999187469483, 0.06601028442382813, 0.07798962593078614, 0.07804524898529053, 0.08309640884399414, 0.09190824031829833, 0.0935861349105835, 0.10196490287780761, 0.11137650012969971, 0.11919348239898682, 0.13224756717681885, 0.13329014778137208, 0.1490189790725708, 0.14176623821258544, 0.16075327396392822]

	lower_bound_list = [-9.148128640236283, -10.34160017149645, -10.378479125021737, -10.487662961098422, -10.57546925232336, -10.425086377692015, -10.413935487325144, -10.530615387754334, -10.465253277327829, -10.48185776898551, -10.451694607745656, -10.461817802968259, -10.48562140599838, -10.508559718601449, -10.479454256110023, -10.489136901622842, -10.492918142833398, -10.505205317495685, -10.520679118687015, -10.56909440014944]

TESTING COVARIANCE TYPE: tied
	num_samples_list = [500, 1000, 1500, 2000, 2500, 3000, 3500, 4000, 4500, 5000, 5500, 6000, 6500, 7000, 7500, 8000, 8500, 9000, 9500, 10000]

	accuracy_list = [83.88571428571427, 93.41428571428571, 96.98095238095237, 97.74999999999999, 98.27428571428572, 98.82857142857145, 99.13877551020407, 99.28571428571429, 99.3015873015873, 99.53999999999999, 99.63896103896104, 99.71190476190478, 99.77142857142857, 99.76734693877552, 99.79238095238095, 99.7892857142857, 99.7798319327731, 99.7984126984127, 99.82105263157895, 99.81571428571428]

	num_iterations_list = [2.1, 2.0, 2.0, 2.3, 2.7, 3.0, 2.8, 3.1, 3.1, 2.6, 2.2, 2.2, 2.4, 2.2, 2.2, 2.2, 2.2, 2.2, 2.2, 2.3]

	elapsed_time_list = [0.028080105781555176, 0.033211469650268555, 0.03768327236175537, 0.044620513916015625, 0.05219001770019531, 0.060578441619873045, 0.06418082714080811, 0.07832798957824708, 0.08448951244354248, 0.08267624378204345, 0.08419356346130372, 0.0891080379486084, 0.1009981393814087, 0.12454440593719482, 0.13237495422363282, 0.14451701641082765, 0.15392041206359863, 0.16296532154083251, 0.17334752082824706, 0.18097374439239503]

	lower_bound_list = [-8.888886889202848, -9.774806229329524, -10.10172733439538, -10.257025017715701, -10.343998855610083, -10.393979396023115, -10.44819230920887, -10.496875686017866, -10.539386938591326, -10.566314361580732, -10.580494791878113, -10.605256315113067, -10.620534518598765, -10.633705251895943, -10.636055729489069, -10.64571852143809, -10.651111864320242, -10.657497483155845, -10.670367200351878, -10.67515483579275]

